11:19:21,884 schedule DEBUG Running job Job(interval=2, unit=minutes, do=run_the_bot, args=(), kwargs={})
11:19:21,884 __main__ INFO Checking if user can operate base on arbitrage balance
11:19:21,886 urllib3.connectionpool DEBUG Starting new HTTPS connection (1): bot.solesbot.ai:443
11:19:22,231 urllib3.connectionpool DEBUG https://bot.solesbot.ai:443 "GET /wallet/getbalancesopman HTTP/1.1" 200 15
11:19:22,467 urllib3.connectionpool DEBUG https://bot.solesbot.ai:443 "GET /wallet/getbalancesopman HTTP/1.1" 200 15
11:19:22,703 urllib3.connectionpool DEBUG https://bot.solesbot.ai:443 "GET /robot/getBalanceInOperation HTTP/1.1" 200 24
11:19:22,703 __main__ INFO User balance is not enough to operate, arbitrage balance: 0.0, operation balance: 525.6
11:21:22,726 schedule DEBUG Running job Job(interval=2, unit=minutes, do=run_the_bot, args=(), kwargs={})
11:21:22,726 __main__ INFO Checking if user can operate base on arbitrage balance
11:21:22,727 urllib3.connectionpool DEBUG Starting new HTTPS connection (1): bot.solesbot.ai:443
11:21:23,103 urllib3.connectionpool DEBUG https://bot.solesbot.ai:443 "GET /wallet/getbalancesopman HTTP/1.1" 200 15
11:21:23,343 urllib3.connectionpool DEBUG https://bot.solesbot.ai:443 "GET /wallet/getbalancesopman HTTP/1.1" 200 15
11:21:23,587 urllib3.connectionpool DEBUG https://bot.solesbot.ai:443 "GET /robot/getBalanceInOperation HTTP/1.1" 200 24
11:21:23,587 __main__ INFO User balance is not enough to operate, arbitrage balance: 0.0, operation balance: 525.6
11:23:23,608 schedule DEBUG Running job Job(interval=2, unit=minutes, do=run_the_bot, args=(), kwargs={})
11:23:23,608 __main__ INFO Checking if user can operate base on arbitrage balance
11:23:23,609 urllib3.connectionpool DEBUG Starting new HTTPS connection (1): bot.solesbot.ai:443
11:23:23,937 urllib3.connectionpool DEBUG https://bot.solesbot.ai:443 "GET /wallet/getbalancesopman HTTP/1.1" 200 15
11:23:24,204 urllib3.connectionpool DEBUG https://bot.solesbot.ai:443 "GET /wallet/getbalancesopman HTTP/1.1" 200 15
11:23:24,447 urllib3.connectionpool DEBUG https://bot.solesbot.ai:443 "GET /robot/getBalanceInOperation HTTP/1.1" 200 24
11:23:24,447 __main__ INFO User balance is not enough to operate, arbitrage balance: 0.0, operation balance: 525.6
